<?xml version="1.0" encoding="UTF-8"?>
<!-- Generated by org.testng.reporters.JUnitReportReporter -->
<testsuite hostname="DESKTOP-02HBPHB" failures="0" tests="1" name="CBA_test.CBA_test.SearchTest" time="7.760" errors="0" timestamp="2021-06-03T22:59:57 AEST" skipped="0">
  <testcase classname="CBA_test.CBA_test.SearchTest" name="Search_caribean" time="7.760"/>
  <system-out/>
</testsuite> <!-- CBA_test.CBA_test.SearchTest -->
